<?xml version="1.0" encoding="UTF-8"?>
<!-- Generated by org.testng.reporters.JUnitReportReporter -->
<testsuite skipped="0" hostname="BetulAir.lan1" name="com.syntax.practice.UserDirPath" tests="1" failures="0" timestamp="17 Jun 2019 17:01:16 GMT" time="0.053" errors="0">
  <testcase name="printPath" time="0.053" classname="com.syntax.practice.UserDirPath"/>
</testsuite> <!-- com.syntax.practice.UserDirPath -->
