<?xml version="1.0" encoding="UTF-8"?>
<!-- Generated by org.testng.reporters.JUnitReportReporter -->
<testsuite skipped="0" hostname="BetulAir.attlocal.net" name="com.syntax.testcases.LoginPageTest" tests="2" failures="0" timestamp="16 Jun 2019 23:14:05 GMT" time="10.533" errors="0">
  <testcase name="loginToOrangeHRM" time="4.977" classname="com.syntax.testcases.LoginPageTest"/>
  <testcase name="doLogin" time="5.556" classname="com.syntax.testcases.LoginPageTest"/>
</testsuite> <!-- com.syntax.testcases.LoginPageTest -->
