<?xml version="1.0" encoding="UTF-8"?>
<!-- Generated by org.testng.reporters.JUnitReportReporter -->
<testsuite skipped="0" hostname="BetulAir.attlocal.net" name="com.syntax.testcases.MyLoginPageTest" tests="1" failures="0" timestamp="12 Jun 2019 21:27:22 GMT" time="5.905" errors="0">
  <testcase name="loginOrange" time="5.905" classname="com.syntax.testcases.MyLoginPageTest"/>
</testsuite> <!-- com.syntax.testcases.MyLoginPageTest -->
