<?xml version="1.0" encoding="UTF-8"?>
<!-- Generated by org.testng.reporters.JUnitReportReporter -->
<testsuite skipped="0" hostname="BetulAir.lan1" name="com.syntax.testcases.AddEmployeePageTest" tests="3" failures="0" timestamp="17 Jun 2019 17:37:33 GMT" time="44.844" errors="0">
  <testcase name="addEmployee" time="14.821" classname="com.syntax.testcases.AddEmployeePageTest"/>
  <testcase name="addEmployee" time="14.660" classname="com.syntax.testcases.AddEmployeePageTest"/>
  <testcase name="addEmployee" time="15.363" classname="com.syntax.testcases.AddEmployeePageTest"/>
</testsuite> <!-- com.syntax.testcases.AddEmployeePageTest -->
