<?xml version="1.0" encoding="UTF-8"?>
<!-- Generated by org.testng.reporters.JUnitReportReporter -->
<testsuite skipped="0" hostname="BetulAir.attlocal.net" name="com.syntax.testcases.LoginPageTestCases" tests="1" failures="0" timestamp="09 Jun 2019 03:32:42 GMT" time="10.309" errors="0">
  <testcase name="loginToOrangeHRM" time="10.309" classname="com.syntax.testcases.LoginPageTestCases"/>
</testsuite> <!-- com.syntax.testcases.LoginPageTestCases -->
