<?xml version="1.0" encoding="UTF-8"?>
<!-- Generated by org.testng.reporters.JUnitReportReporter -->
<testsuite skipped="1" hostname="BetulAir.attlocal.net" name="com.syntax.testcases.HomeworkAddLocation" tests="1" failures="0" timestamp="16 Jun 2019 01:49:30 GMT" time="0.000" errors="0">
  <testcase name="Location" time="0.000" classname="com.syntax.testcases.HomeworkAddLocation">
    <skipped/>
  </testcase> <!-- Location -->
</testsuite> <!-- com.syntax.testcases.HomeworkAddLocation -->
