<?xml version="1.0" encoding="UTF-8"?>
<!-- Generated by org.testng.reporters.JUnitReportReporter -->
<testsuite skipped="0" hostname="BetulAir.attlocal.net" name="com.syntax.testcases.LocationWithExcel" tests="6" failures="0" timestamp="18 Jun 2019 15:58:00 GMT" time="168.291" errors="0">
  <testcase name="AddLocation" time="29.919" classname="com.syntax.testcases.LocationWithExcel"/>
  <testcase name="AddLocation" time="27.998" classname="com.syntax.testcases.LocationWithExcel"/>
  <testcase name="AddLocation" time="28.498" classname="com.syntax.testcases.LocationWithExcel"/>
  <testcase name="AddLocation" time="27.635" classname="com.syntax.testcases.LocationWithExcel"/>
  <testcase name="AddLocation" time="27.727" classname="com.syntax.testcases.LocationWithExcel"/>
  <testcase name="Verify" time="26.514" classname="com.syntax.testcases.LocationWithExcel"/>
</testsuite> <!-- com.syntax.testcases.LocationWithExcel -->
