<?xml version="1.0" encoding="UTF-8"?>
<!-- Generated by org.testng.reporters.JUnitReportReporter -->
<testsuite skipped="0" hostname="BetulAir.attlocal.net" name="com.syntax.testcases.AddEmpWithExcel" tests="11" failures="0" timestamp="16 Jun 2019 00:22:45 GMT" time="108.378" errors="0">
  <testcase name="addEmployee" time="8.469" classname="com.syntax.testcases.AddEmpWithExcel"/>
  <testcase name="addEmployee" time="8.453" classname="com.syntax.testcases.AddEmpWithExcel"/>
  <testcase name="addEmployee" time="9.675" classname="com.syntax.testcases.AddEmpWithExcel"/>
  <testcase name="addEmployee" time="9.419" classname="com.syntax.testcases.AddEmpWithExcel"/>
  <testcase name="addEmployee" time="12.949" classname="com.syntax.testcases.AddEmpWithExcel"/>
  <testcase name="addEmployee" time="10.015" classname="com.syntax.testcases.AddEmpWithExcel"/>
  <testcase name="addEmployee" time="9.986" classname="com.syntax.testcases.AddEmpWithExcel"/>
  <testcase name="addEmployee" time="9.609" classname="com.syntax.testcases.AddEmpWithExcel"/>
  <testcase name="addEmployee" time="9.632" classname="com.syntax.testcases.AddEmpWithExcel"/>
  <testcase name="addEmployee" time="11.352" classname="com.syntax.testcases.AddEmpWithExcel"/>
  <testcase name="addEmployee" time="8.819" classname="com.syntax.testcases.AddEmpWithExcel"/>
</testsuite> <!-- com.syntax.testcases.AddEmpWithExcel -->
