<?xml version="1.0" encoding="UTF-8"?>
<!-- Generated by org.testng.reporters.JUnitReportReporter -->
<testsuite skipped="0" hostname="BetulMacBook-Air.local" name="com.syntax.testcases.ExcelLocation" tests="1" failures="0" timestamp="16 Jun 2019 19:24:02 GMT" time="0.668" errors="0">
  <testcase name="readExcel" time="0.668" classname="com.syntax.testcases.ExcelLocation"/>
</testsuite> <!-- com.syntax.testcases.ExcelLocation -->
