<?xml version="1.0" encoding="UTF-8"?>
<!-- Generated by org.testng.reporters.JUnitReportReporter -->
<testsuite skipped="1" hostname="BetulMacBook-Air.local" name="com.syntax.testcases.MyLoginPageTest" tests="1" failures="0" timestamp="16 Jun 2019 18:51:01 GMT" time="2.269" errors="0">
  <testcase name="loginOrange" time="2.269" classname="com.syntax.testcases.MyLoginPageTest">
    <skipped/>
  </testcase> <!-- loginOrange -->
</testsuite> <!-- com.syntax.testcases.MyLoginPageTest -->
