<?xml version="1.0" encoding="UTF-8"?>
<!-- Generated by org.testng.reporters.JUnitReportReporter -->
<testsuite skipped="0" hostname="BetulMacBook-Air.local" name="com.syntax.practice.ExcelFunctionsTest" tests="1" failures="0" timestamp="16 Jun 2019 18:51:21 GMT" time="0.471" errors="0">
  <testcase name="ExcelTest" time="0.471" classname="com.syntax.practice.ExcelFunctionsTest"/>
</testsuite> <!-- com.syntax.practice.ExcelFunctionsTest -->
