<?xml version="1.0" encoding="UTF-8"?>
<!-- Generated by org.testng.reporters.JUnitReportReporter -->
<testsuite skipped="0" hostname="BetulMacBook-Air.local" name="com.syntax.testcases.LocationWithExcel" tests="1" failures="0" timestamp="16 Jun 2019 19:59:36 GMT" time="26.486" errors="0">
  <testcase name="Verify" time="26.486" classname="com.syntax.testcases.LocationWithExcel"/>
</testsuite> <!-- com.syntax.testcases.LocationWithExcel -->
