<?xml version="1.0" encoding="UTF-8"?>
<!-- Generated by org.testng.reporters.JUnitReportReporter -->
<testsuite skipped="0" hostname="BetulMacBook-Air.local" name="com.syntax.testcases.LoginPageTest" tests="2" failures="0" timestamp="16 Jun 2019 19:59:41 GMT" time="10.877" errors="0">
  <testcase name="doLogin" time="4.735" classname="com.syntax.testcases.LoginPageTest"/>
  <testcase name="loginToOrangeHRM" time="6.142" classname="com.syntax.testcases.LoginPageTest"/>
</testsuite> <!-- com.syntax.testcases.LoginPageTest -->
